<?xml version="1.0" encoding="UTF-8"?>
<testsuites name="LogInTestSuite" time="56.083" tests="3" failures="0" errors="0">
   <testsuite name="LogInTestSuite" tests="3" failures="0" errors="0" time="56.083" skipped="0" timestamp="19-08-2024T17:35:49" hostname="ShankhadwipTalukdar - PSDLAP375" id="Test Suites/DataDriven Test 2/LogInTestSuite">
      <properties>
         <property name="deviceName" value=""/>
         <property name="devicePlatform"/>
         <property name="logFolder" value="C:\\Users\\ShankhadwipTalukdar\\git\\Katalon_trial\\Reports\\20240819_173545\\DataDriven Test 2\\LogInTestSuite\\20240819_173545"/>
         <property name="logFiles" value="C:\\Users\\ShankhadwipTalukdar\\git\\Katalon_trial\\Reports\\20240819_173545\\DataDriven Test 2\\LogInTestSuite\\20240819_173545\\execution0.log"/>
         <property name="attachments" value=""/>
         <property name="hostName" value="ShankhadwipTalukdar - PSDLAP375"/>
         <property name="os" value="Windows 11 64bit"/>
         <property name="katalonVersion" value="9.5.0.217"/>
         <property name="browser" value="Chrome 127.0.0.0"/>
         <property name="hostAddress" value="192.168.122.12"/>
         <property name="sessionId" value="9b784e6a2050f690f3cf1b87c5084c08"/>
         <property name="seleniumVersion" value="3.141.59"/>
         <property name="proxyInformation" value="ProxyInformation { proxyOption=NO_PROXY, proxyServerType=HTTP, username=, password=********, proxyServerAddress=, proxyServerPort=0, executionList=&quot;&quot;, isApplyToDesiredCapabilities=true }"/>
         <property name="platform" value="Windows 11"/>
      </properties>
      <testcase name="Test Cases/Test Case" time="21.185" classname="Test Cases/Test Case" status="PASSED">
         <system-out><![CDATA[19-08-2024T17:35:49 - [TEST_CASE][PASSED] - Test Cases/Test Case: Test Cases/Test Case

19-08-2024T17:35:49 - [TEST_STEP][PASSED] - openBrowser(""): Browser is opened with url: ''

19-08-2024T17:35:50 - [MESSAGE][INFO] - Starting 'Chrome' driver

19-08-2024T17:35:50 - [MESSAGE][INFO] - Action delay is set to 0 milliseconds

19-08-2024T17:35:51 - [MESSAGE][PASSED] - Browser is opened with url: ''

19-08-2024T17:35:51 - [TEST_STEP][PASSED] - navigateToUrl("https://demowebshop.tricentis.com/login"): Navigate to 'https://demowebshop.tricentis.com/login' successfully

19-08-2024T17:35:59 - [MESSAGE][PASSED] - Navigate to 'https://demowebshop.tricentis.com/login' successfully

19-08-2024T17:35:59 - [TEST_STEP][PASSED] - setText(findTestObject("Object Repository/Test_Log In/Page_Demo Web Shop. Login/input_Email_Email"), Email): Text 'uniquetest123@gmail.com' is set on object 'Object Repository/Test_Log In/Page_Demo Web Shop. Login/input_Email_Email'

19-08-2024T17:35:59 - [MESSAGE][PASSED] - Text 'uniquetest123@gmail.com' is set on object 'Object Repository/Test_Log In/Page_Demo Web Shop. Login/input_Email_Email'

19-08-2024T17:35:59 - [TEST_STEP][PASSED] - setText(findTestObject("Object Repository/Test_Log In/Page_Demo Web Shop. Login/input_Password_Password"), Password): Text 'test123' is set on object 'Object Repository/Test_Log In/Page_Demo Web Shop. Login/input_Password_Password'

19-08-2024T17:36:00 - [MESSAGE][PASSED] - Text 'test123' is set on object 'Object Repository/Test_Log In/Page_Demo Web Shop. Login/input_Password_Password'

19-08-2024T17:36:00 - [TEST_STEP][PASSED] - click(findTestObject("Object Repository/Test_Log In/Page_Demo Web Shop. Login/input_Forgot password_button-1 login-button")): Object: 'Object Repository/Test_Log In/Page_Demo Web Shop. Login/input_Forgot password_button-1 login-button' is clicked on

19-08-2024T17:36:09 - [MESSAGE][PASSED] - Object: 'Object Repository/Test_Log In/Page_Demo Web Shop. Login/input_Forgot password_button-1 login-button' is clicked on

19-08-2024T17:36:09 - [TEST_STEP][PASSED] - closeBrowser(): Browser is closed

19-08-2024T17:36:10 - [MESSAGE][PASSED] - Browser is closed]]></system-out>
         <system-err><![CDATA[]]></system-err>
      </testcase>
      <testcase name="Test Cases/Test Case" time="14.851" classname="Test Cases/Test Case" status="PASSED">
         <system-out><![CDATA[19-08-2024T17:36:10 - [TEST_CASE][PASSED] - Test Cases/Test Case: Test Cases/Test Case

19-08-2024T17:36:10 - [TEST_STEP][PASSED] - openBrowser(""): Browser is opened with url: ''

19-08-2024T17:36:10 - [MESSAGE][INFO] - Starting 'Chrome' driver

19-08-2024T17:36:10 - [MESSAGE][INFO] - Action delay is set to 0 milliseconds

19-08-2024T17:36:11 - [MESSAGE][PASSED] - Browser is opened with url: ''

19-08-2024T17:36:11 - [TEST_STEP][PASSED] - navigateToUrl("https://demowebshop.tricentis.com/login"): Navigate to 'https://demowebshop.tricentis.com/login' successfully

19-08-2024T17:36:15 - [MESSAGE][PASSED] - Navigate to 'https://demowebshop.tricentis.com/login' successfully

19-08-2024T17:36:15 - [TEST_STEP][PASSED] - setText(findTestObject("Object Repository/Test_Log In/Page_Demo Web Shop. Login/input_Email_Email"), Email): Text 'uniquetest124@gmail.com' is set on object 'Object Repository/Test_Log In/Page_Demo Web Shop. Login/input_Email_Email'

19-08-2024T17:36:16 - [MESSAGE][PASSED] - Text 'uniquetest124@gmail.com' is set on object 'Object Repository/Test_Log In/Page_Demo Web Shop. Login/input_Email_Email'

19-08-2024T17:36:16 - [TEST_STEP][PASSED] - setText(findTestObject("Object Repository/Test_Log In/Page_Demo Web Shop. Login/input_Password_Password"), Password): Text 'unique1234' is set on object 'Object Repository/Test_Log In/Page_Demo Web Shop. Login/input_Password_Password'

19-08-2024T17:36:16 - [MESSAGE][PASSED] - Text 'unique1234' is set on object 'Object Repository/Test_Log In/Page_Demo Web Shop. Login/input_Password_Password'

19-08-2024T17:36:16 - [TEST_STEP][PASSED] - click(findTestObject("Object Repository/Test_Log In/Page_Demo Web Shop. Login/input_Forgot password_button-1 login-button")): Object: 'Object Repository/Test_Log In/Page_Demo Web Shop. Login/input_Forgot password_button-1 login-button' is clicked on

19-08-2024T17:36:24 - [MESSAGE][PASSED] - Object: 'Object Repository/Test_Log In/Page_Demo Web Shop. Login/input_Forgot password_button-1 login-button' is clicked on

19-08-2024T17:36:24 - [TEST_STEP][PASSED] - closeBrowser(): Browser is closed

19-08-2024T17:36:25 - [MESSAGE][PASSED] - Browser is closed]]></system-out>
         <system-err><![CDATA[]]></system-err>
      </testcase>
      <testcase name="Test Cases/Test Case" time="19.703" classname="Test Cases/Test Case" status="PASSED">
         <system-out><![CDATA[19-08-2024T17:36:25 - [TEST_CASE][PASSED] - Test Cases/Test Case: Test Cases/Test Case

19-08-2024T17:36:25 - [TEST_STEP][PASSED] - openBrowser(""): Browser is opened with url: ''

19-08-2024T17:36:25 - [MESSAGE][INFO] - Starting 'Chrome' driver

19-08-2024T17:36:25 - [MESSAGE][INFO] - Action delay is set to 0 milliseconds

19-08-2024T17:36:26 - [MESSAGE][PASSED] - Browser is opened with url: ''

19-08-2024T17:36:26 - [TEST_STEP][PASSED] - navigateToUrl("https://demowebshop.tricentis.com/login"): Navigate to 'https://demowebshop.tricentis.com/login' successfully

19-08-2024T17:36:31 - [MESSAGE][PASSED] - Navigate to 'https://demowebshop.tricentis.com/login' successfully

19-08-2024T17:36:31 - [TEST_STEP][PASSED] - setText(findTestObject("Object Repository/Test_Log In/Page_Demo Web Shop. Login/input_Email_Email"), Email): Text 'uniquetest125@gmail.com' is set on object 'Object Repository/Test_Log In/Page_Demo Web Shop. Login/input_Email_Email'

19-08-2024T17:36:31 - [MESSAGE][PASSED] - Text 'uniquetest125@gmail.com' is set on object 'Object Repository/Test_Log In/Page_Demo Web Shop. Login/input_Email_Email'

19-08-2024T17:36:31 - [TEST_STEP][PASSED] - setText(findTestObject("Object Repository/Test_Log In/Page_Demo Web Shop. Login/input_Password_Password"), Password): Text 'test125' is set on object 'Object Repository/Test_Log In/Page_Demo Web Shop. Login/input_Password_Password'

19-08-2024T17:36:32 - [MESSAGE][PASSED] - Text 'test125' is set on object 'Object Repository/Test_Log In/Page_Demo Web Shop. Login/input_Password_Password'

19-08-2024T17:36:32 - [TEST_STEP][PASSED] - click(findTestObject("Object Repository/Test_Log In/Page_Demo Web Shop. Login/input_Forgot password_button-1 login-button")): Object: 'Object Repository/Test_Log In/Page_Demo Web Shop. Login/input_Forgot password_button-1 login-button' is clicked on

19-08-2024T17:36:44 - [MESSAGE][PASSED] - Object: 'Object Repository/Test_Log In/Page_Demo Web Shop. Login/input_Forgot password_button-1 login-button' is clicked on

19-08-2024T17:36:44 - [TEST_STEP][PASSED] - closeBrowser(): Browser is closed

19-08-2024T17:36:45 - [MESSAGE][PASSED] - Browser is closed]]></system-out>
         <system-err><![CDATA[]]></system-err>
      </testcase>
      <system-out><![CDATA[19-08-2024T17:35:49 - [TEST_SUITE][PASSED] - LogInTestSuite: Test Cases/Test Case]]></system-out>
      <system-err><![CDATA[]]></system-err>
   </testsuite>
</testsuites>
