<?xml version="1.0" encoding="UTF-8"?>
<testsuites name="LogInTestSuite" time="30.561" tests="3" failures="0" errors="0">
   <testsuite name="LogInTestSuite" tests="3" failures="0" errors="0" time="30.561" skipped="0" timestamp="12-08-2024T19:09:50" hostname="ShankhadwipTalukdar - PSDLAP375" id="Test Suites/DataDrivenTest/LogInTestSuite">
      <properties>
         <property name="deviceName" value=""/>
         <property name="devicePlatform"/>
         <property name="logFolder" value="C:\\Users\\ShankhadwipTalukdar\\git\\Katalon_trial\\Reports\\20240812_190919\\DataDrivenTest\\LogInTestSuite\\20240812_190920"/>
         <property name="logFiles" value="C:\\Users\\ShankhadwipTalukdar\\git\\Katalon_trial\\Reports\\20240812_190919\\DataDrivenTest\\LogInTestSuite\\20240812_190920\\execution0.log"/>
         <property name="attachments" value=""/>
         <property name="hostName" value="ShankhadwipTalukdar - PSDLAP375"/>
         <property name="os" value="Windows 11 64bit"/>
         <property name="katalonVersion" value="9.5.0.217"/>
         <property name="browser" value="Chrome 127.0.0.0"/>
         <property name="hostAddress" value="192.168.86.12"/>
         <property name="sessionId" value="33890ce4870128589a5a864c8bc155e9"/>
         <property name="seleniumVersion" value="3.141.59"/>
         <property name="proxyInformation" value="ProxyInformation { proxyOption=NO_PROXY, proxyServerType=HTTP, username=, password=********, proxyServerAddress=, proxyServerPort=0, executionList=&quot;&quot;, isApplyToDesiredCapabilities=true }"/>
         <property name="platform" value="Windows 11"/>
      </properties>
      <testcase name="Test Cases/Test Case" time="13.064" classname="Test Cases/Test Case" status="PASSED">
         <system-out><![CDATA[12-08-2024T19:09:50 - [TEST_CASE][PASSED] - Test Cases/Test Case: Test Cases/Test Case

12-08-2024T19:09:50 - [TEST_STEP][PASSED] - openBrowser(""): Browser is opened with url: ''

12-08-2024T19:09:50 - [MESSAGE][INFO] - Starting 'Chrome' driver

12-08-2024T19:09:51 - [MESSAGE][INFO] - Action delay is set to 0 milliseconds

12-08-2024T19:09:53 - [MESSAGE][PASSED] - Browser is opened with url: ''

12-08-2024T19:09:53 - [TEST_STEP][PASSED] - navigateToUrl("https://demowebshop.tricentis.com/login"): Navigate to 'https://demowebshop.tricentis.com/login' successfully

12-08-2024T19:09:58 - [MESSAGE][PASSED] - Navigate to 'https://demowebshop.tricentis.com/login' successfully

12-08-2024T19:09:58 - [TEST_STEP][PASSED] - setText(findTestObject("Object Repository/Test_Log In/Page_Demo Web Shop. Login/input_Email_Email"), Email): Text 'uniquetest123@gmail.com' is set on object 'Object Repository/Test_Log In/Page_Demo Web Shop. Login/input_Email_Email'

12-08-2024T19:09:59 - [MESSAGE][PASSED] - Text 'uniquetest123@gmail.com' is set on object 'Object Repository/Test_Log In/Page_Demo Web Shop. Login/input_Email_Email'

12-08-2024T19:09:59 - [TEST_STEP][PASSED] - setText(findTestObject("Object Repository/Test_Log In/Page_Demo Web Shop. Login/input_Password_Password"), Password): Text 'test123' is set on object 'Object Repository/Test_Log In/Page_Demo Web Shop. Login/input_Password_Password'

12-08-2024T19:09:59 - [MESSAGE][PASSED] - Text 'test123' is set on object 'Object Repository/Test_Log In/Page_Demo Web Shop. Login/input_Password_Password'

12-08-2024T19:09:59 - [TEST_STEP][PASSED] - click(findTestObject("Object Repository/Test_Log In/Page_Demo Web Shop. Login/input_Forgot password_button-1 login-button")): Object: 'Object Repository/Test_Log In/Page_Demo Web Shop. Login/input_Forgot password_button-1 login-button' is clicked on

12-08-2024T19:10:02 - [MESSAGE][PASSED] - Object: 'Object Repository/Test_Log In/Page_Demo Web Shop. Login/input_Forgot password_button-1 login-button' is clicked on

12-08-2024T19:10:02 - [TEST_STEP][PASSED] - closeBrowser(): Browser is closed

12-08-2024T19:10:03 - [MESSAGE][PASSED] - Browser is closed]]></system-out>
         <system-err><![CDATA[]]></system-err>
      </testcase>
      <testcase name="Test Cases/Test Case" time="8.373" classname="Test Cases/Test Case" status="PASSED">
         <system-out><![CDATA[12-08-2024T19:10:03 - [TEST_CASE][PASSED] - Test Cases/Test Case: Test Cases/Test Case

12-08-2024T19:10:03 - [TEST_STEP][PASSED] - openBrowser(""): Browser is opened with url: ''

12-08-2024T19:10:03 - [MESSAGE][INFO] - Starting 'Chrome' driver

12-08-2024T19:10:03 - [MESSAGE][INFO] - Action delay is set to 0 milliseconds

12-08-2024T19:10:04 - [MESSAGE][PASSED] - Browser is opened with url: ''

12-08-2024T19:10:04 - [TEST_STEP][PASSED] - navigateToUrl("https://demowebshop.tricentis.com/login"): Navigate to 'https://demowebshop.tricentis.com/login' successfully

12-08-2024T19:10:07 - [MESSAGE][PASSED] - Navigate to 'https://demowebshop.tricentis.com/login' successfully

12-08-2024T19:10:07 - [TEST_STEP][PASSED] - setText(findTestObject("Object Repository/Test_Log In/Page_Demo Web Shop. Login/input_Email_Email"), Email): Text 'uniquetest124@gmail.com' is set on object 'Object Repository/Test_Log In/Page_Demo Web Shop. Login/input_Email_Email'

12-08-2024T19:10:08 - [MESSAGE][PASSED] - Text 'uniquetest124@gmail.com' is set on object 'Object Repository/Test_Log In/Page_Demo Web Shop. Login/input_Email_Email'

12-08-2024T19:10:08 - [TEST_STEP][PASSED] - setText(findTestObject("Object Repository/Test_Log In/Page_Demo Web Shop. Login/input_Password_Password"), Password): Text 'unique1234' is set on object 'Object Repository/Test_Log In/Page_Demo Web Shop. Login/input_Password_Password'

12-08-2024T19:10:08 - [MESSAGE][PASSED] - Text 'unique1234' is set on object 'Object Repository/Test_Log In/Page_Demo Web Shop. Login/input_Password_Password'

12-08-2024T19:10:08 - [TEST_STEP][PASSED] - click(findTestObject("Object Repository/Test_Log In/Page_Demo Web Shop. Login/input_Forgot password_button-1 login-button")): Object: 'Object Repository/Test_Log In/Page_Demo Web Shop. Login/input_Forgot password_button-1 login-button' is clicked on

12-08-2024T19:10:11 - [MESSAGE][PASSED] - Object: 'Object Repository/Test_Log In/Page_Demo Web Shop. Login/input_Forgot password_button-1 login-button' is clicked on

12-08-2024T19:10:11 - [TEST_STEP][PASSED] - closeBrowser(): Browser is closed

12-08-2024T19:10:11 - [MESSAGE][PASSED] - Browser is closed]]></system-out>
         <system-err><![CDATA[]]></system-err>
      </testcase>
      <testcase name="Test Cases/Test Case" time="8.861" classname="Test Cases/Test Case" status="PASSED">
         <system-out><![CDATA[12-08-2024T19:10:11 - [TEST_CASE][PASSED] - Test Cases/Test Case: Test Cases/Test Case

12-08-2024T19:10:11 - [TEST_STEP][PASSED] - openBrowser(""): Browser is opened with url: ''

12-08-2024T19:10:11 - [MESSAGE][INFO] - Starting 'Chrome' driver

12-08-2024T19:10:11 - [MESSAGE][INFO] - Action delay is set to 0 milliseconds

12-08-2024T19:10:12 - [MESSAGE][PASSED] - Browser is opened with url: ''

12-08-2024T19:10:12 - [TEST_STEP][PASSED] - navigateToUrl("https://demowebshop.tricentis.com/login"): Navigate to 'https://demowebshop.tricentis.com/login' successfully

12-08-2024T19:10:16 - [MESSAGE][PASSED] - Navigate to 'https://demowebshop.tricentis.com/login' successfully

12-08-2024T19:10:16 - [TEST_STEP][PASSED] - setText(findTestObject("Object Repository/Test_Log In/Page_Demo Web Shop. Login/input_Email_Email"), Email): Text 'uniquetest125@gmail.com' is set on object 'Object Repository/Test_Log In/Page_Demo Web Shop. Login/input_Email_Email'

12-08-2024T19:10:16 - [MESSAGE][PASSED] - Text 'uniquetest125@gmail.com' is set on object 'Object Repository/Test_Log In/Page_Demo Web Shop. Login/input_Email_Email'

12-08-2024T19:10:16 - [TEST_STEP][PASSED] - setText(findTestObject("Object Repository/Test_Log In/Page_Demo Web Shop. Login/input_Password_Password"), Password): Text 'test125' is set on object 'Object Repository/Test_Log In/Page_Demo Web Shop. Login/input_Password_Password'

12-08-2024T19:10:17 - [MESSAGE][PASSED] - Text 'test125' is set on object 'Object Repository/Test_Log In/Page_Demo Web Shop. Login/input_Password_Password'

12-08-2024T19:10:17 - [TEST_STEP][PASSED] - click(findTestObject("Object Repository/Test_Log In/Page_Demo Web Shop. Login/input_Forgot password_button-1 login-button")): Object: 'Object Repository/Test_Log In/Page_Demo Web Shop. Login/input_Forgot password_button-1 login-button' is clicked on

12-08-2024T19:10:20 - [MESSAGE][PASSED] - Object: 'Object Repository/Test_Log In/Page_Demo Web Shop. Login/input_Forgot password_button-1 login-button' is clicked on

12-08-2024T19:10:20 - [TEST_STEP][PASSED] - closeBrowser(): Browser is closed

12-08-2024T19:10:20 - [MESSAGE][PASSED] - Browser is closed]]></system-out>
         <system-err><![CDATA[]]></system-err>
      </testcase>
      <system-out><![CDATA[12-08-2024T19:09:50 - [TEST_SUITE][PASSED] - LogInTestSuite: Test Cases/Test Case]]></system-out>
      <system-err><![CDATA[]]></system-err>
   </testsuite>
</testsuites>
