<?xml version="1.0" encoding="UTF-8"?>
<testsuites name="Log in_Loop" time="77.956" tests="3" failures="0" errors="0">
   <testsuite name="Log in_Loop" tests="3" failures="0" errors="0" time="77.956" skipped="0" timestamp="14-08-2024T01:26:15" hostname="ShankhadwipTalukdar - PSDLAP375" id="Test Suites/Data Driven Test with Loop/Log in_Loop">
      <properties>
         <property name="deviceName" value=""/>
         <property name="devicePlatform"/>
         <property name="logFolder" value="C:\\Users\\ShankhadwipTalukdar\\git\\Katalon_trial\\Reports\\20240814_012611\\Data Driven Test with Loop\\Log in_Loop\\20240814_012611"/>
         <property name="logFiles" value="C:\\Users\\ShankhadwipTalukdar\\git\\Katalon_trial\\Reports\\20240814_012611\\Data Driven Test with Loop\\Log in_Loop\\20240814_012611\\execution0.log"/>
         <property name="attachments" value=""/>
         <property name="hostName" value="ShankhadwipTalukdar - PSDLAP375"/>
         <property name="os" value="Windows 11 64bit"/>
         <property name="katalonVersion" value="9.5.0.217"/>
         <property name="browser" value="Chrome 127.0.0.0"/>
         <property name="hostAddress" value="192.168.122.12"/>
         <property name="sessionId" value="e399f59a8ea758c3c9be6b012c326dd2"/>
         <property name="seleniumVersion" value="3.141.59"/>
         <property name="proxyInformation" value="ProxyInformation { proxyOption=NO_PROXY, proxyServerType=HTTP, username=, password=********, proxyServerAddress=, proxyServerPort=0, executionList=&quot;&quot;, isApplyToDesiredCapabilities=true }"/>
         <property name="platform" value="Windows 11"/>
      </properties>
      <testcase name="Test Cases/Loop_Login" time="28.013" classname="Test Cases/Loop_Login" status="PASSED">
         <system-out><![CDATA[14-08-2024T01:26:15 - [TEST_CASE][PASSED] - Test Cases/Loop_Login: Test Cases/Loop_Login

14-08-2024T01:26:16 - [TEST_STEP][PASSED] - openBrowser(""): Browser is opened with url: ''

14-08-2024T01:26:16 - [MESSAGE][INFO] - Starting 'Chrome' driver

14-08-2024T01:26:16 - [MESSAGE][INFO] - Action delay is set to 0 milliseconds

14-08-2024T01:26:17 - [MESSAGE][PASSED] - Browser is opened with url: ''

14-08-2024T01:26:17 - [TEST_STEP][PASSED] - navigateToUrl("https://demowebshop.tricentis.com/"): Navigate to 'https://demowebshop.tricentis.com/' successfully

14-08-2024T01:26:31 - [MESSAGE][PASSED] - Navigate to 'https://demowebshop.tricentis.com/' successfully

14-08-2024T01:26:31 - [TEST_STEP][PASSED] - for ([i = 0, i < 2, (i++)]): Object: 'Object Repository/Test_Log In/Page_Demo Web Shop. Login/Log Out' is clicked on

14-08-2024T01:26:31 - [TEST_STEP][PASSED] - click(findTestObject("Test_Log In/Page_Demo Web Shop. Login/Log In")): Object: 'Object Repository/Test_Log In/Page_Demo Web Shop. Login/Log In' is clicked on

14-08-2024T01:26:32 - [MESSAGE][PASSED] - Object: 'Object Repository/Test_Log In/Page_Demo Web Shop. Login/Log In' is clicked on

14-08-2024T01:26:32 - [TEST_STEP][PASSED] - setText(findTestObject("Object Repository/Test_Log In/Page_Demo Web Shop. Login/input_Email_Email"), Email): Text 'uniquetest123@gmail.com' is set on object 'Object Repository/Test_Log In/Page_Demo Web Shop. Login/input_Email_Email'

14-08-2024T01:26:33 - [MESSAGE][PASSED] - Text 'uniquetest123@gmail.com' is set on object 'Object Repository/Test_Log In/Page_Demo Web Shop. Login/input_Email_Email'

14-08-2024T01:26:33 - [TEST_STEP][PASSED] - setText(findTestObject("Object Repository/Test_Log In/Page_Demo Web Shop. Login/input_Password_Password"), Password): Text 'test123' is set on object 'Object Repository/Test_Log In/Page_Demo Web Shop. Login/input_Password_Password'

14-08-2024T01:26:34 - [MESSAGE][PASSED] - Text 'test123' is set on object 'Object Repository/Test_Log In/Page_Demo Web Shop. Login/input_Password_Password'

14-08-2024T01:26:34 - [TEST_STEP][PASSED] - click(findTestObject("Object Repository/Test_Log In/Page_Demo Web Shop. Login/input_Forgot password_button-1 login-button")): Object: 'Object Repository/Test_Log In/Page_Demo Web Shop. Login/input_Forgot password_button-1 login-button' is clicked on

14-08-2024T01:26:36 - [MESSAGE][PASSED] - Object: 'Object Repository/Test_Log In/Page_Demo Web Shop. Login/input_Forgot password_button-1 login-button' is clicked on

14-08-2024T01:26:36 - [TEST_STEP][PASSED] - click(findTestObject("Test_Log In/Page_Demo Web Shop. Login/Log Out")): Object: 'Object Repository/Test_Log In/Page_Demo Web Shop. Login/Log Out' is clicked on

14-08-2024T01:26:37 - [MESSAGE][PASSED] - Object: 'Object Repository/Test_Log In/Page_Demo Web Shop. Login/Log Out' is clicked on

14-08-2024T01:26:37 - [TEST_STEP][PASSED] - click(findTestObject("Test_Log In/Page_Demo Web Shop. Login/Log In")): Object: 'Object Repository/Test_Log In/Page_Demo Web Shop. Login/Log In' is clicked on

14-08-2024T01:26:38 - [MESSAGE][PASSED] - Object: 'Object Repository/Test_Log In/Page_Demo Web Shop. Login/Log In' is clicked on

14-08-2024T01:26:38 - [TEST_STEP][PASSED] - setText(findTestObject("Object Repository/Test_Log In/Page_Demo Web Shop. Login/input_Email_Email"), Email): Text 'uniquetest123@gmail.com' is set on object 'Object Repository/Test_Log In/Page_Demo Web Shop. Login/input_Email_Email'

14-08-2024T01:26:39 - [MESSAGE][PASSED] - Text 'uniquetest123@gmail.com' is set on object 'Object Repository/Test_Log In/Page_Demo Web Shop. Login/input_Email_Email'

14-08-2024T01:26:39 - [TEST_STEP][PASSED] - setText(findTestObject("Object Repository/Test_Log In/Page_Demo Web Shop. Login/input_Password_Password"), Password): Text 'test123' is set on object 'Object Repository/Test_Log In/Page_Demo Web Shop. Login/input_Password_Password'

14-08-2024T01:26:39 - [MESSAGE][PASSED] - Text 'test123' is set on object 'Object Repository/Test_Log In/Page_Demo Web Shop. Login/input_Password_Password'

14-08-2024T01:26:39 - [TEST_STEP][PASSED] - click(findTestObject("Object Repository/Test_Log In/Page_Demo Web Shop. Login/input_Forgot password_button-1 login-button")): Object: 'Object Repository/Test_Log In/Page_Demo Web Shop. Login/input_Forgot password_button-1 login-button' is clicked on

14-08-2024T01:26:41 - [MESSAGE][PASSED] - Object: 'Object Repository/Test_Log In/Page_Demo Web Shop. Login/input_Forgot password_button-1 login-button' is clicked on

14-08-2024T01:26:41 - [TEST_STEP][PASSED] - click(findTestObject("Test_Log In/Page_Demo Web Shop. Login/Log Out")): Object: 'Object Repository/Test_Log In/Page_Demo Web Shop. Login/Log Out' is clicked on

14-08-2024T01:26:43 - [MESSAGE][PASSED] - Object: 'Object Repository/Test_Log In/Page_Demo Web Shop. Login/Log Out' is clicked on

14-08-2024T01:26:43 - [TEST_STEP][PASSED] - closeBrowser(): Browser is closed

14-08-2024T01:26:43 - [MESSAGE][PASSED] - Browser is closed]]></system-out>
         <system-err><![CDATA[]]></system-err>
      </testcase>
      <testcase name="Test Cases/Loop_Login" time="26.344" classname="Test Cases/Loop_Login" status="PASSED">
         <system-out><![CDATA[14-08-2024T01:26:43 - [TEST_CASE][PASSED] - Test Cases/Loop_Login: Test Cases/Loop_Login

14-08-2024T01:26:43 - [TEST_STEP][PASSED] - openBrowser(""): Browser is opened with url: ''

14-08-2024T01:26:43 - [MESSAGE][INFO] - Starting 'Chrome' driver

14-08-2024T01:26:43 - [MESSAGE][INFO] - Action delay is set to 0 milliseconds

14-08-2024T01:26:44 - [MESSAGE][PASSED] - Browser is opened with url: ''

14-08-2024T01:26:44 - [TEST_STEP][PASSED] - navigateToUrl("https://demowebshop.tricentis.com/"): Navigate to 'https://demowebshop.tricentis.com/' successfully

14-08-2024T01:26:57 - [MESSAGE][PASSED] - Navigate to 'https://demowebshop.tricentis.com/' successfully

14-08-2024T01:26:57 - [TEST_STEP][PASSED] - for ([i = 0, i < 2, (i++)]): Object: 'Object Repository/Test_Log In/Page_Demo Web Shop. Login/Log Out' is clicked on

14-08-2024T01:26:57 - [TEST_STEP][PASSED] - click(findTestObject("Test_Log In/Page_Demo Web Shop. Login/Log In")): Object: 'Object Repository/Test_Log In/Page_Demo Web Shop. Login/Log In' is clicked on

14-08-2024T01:26:58 - [MESSAGE][PASSED] - Object: 'Object Repository/Test_Log In/Page_Demo Web Shop. Login/Log In' is clicked on

14-08-2024T01:26:58 - [TEST_STEP][PASSED] - setText(findTestObject("Object Repository/Test_Log In/Page_Demo Web Shop. Login/input_Email_Email"), Email): Text 'uniquetest124@gmail.com' is set on object 'Object Repository/Test_Log In/Page_Demo Web Shop. Login/input_Email_Email'

14-08-2024T01:26:59 - [MESSAGE][PASSED] - Text 'uniquetest124@gmail.com' is set on object 'Object Repository/Test_Log In/Page_Demo Web Shop. Login/input_Email_Email'

14-08-2024T01:26:59 - [TEST_STEP][PASSED] - setText(findTestObject("Object Repository/Test_Log In/Page_Demo Web Shop. Login/input_Password_Password"), Password): Text 'unique1234' is set on object 'Object Repository/Test_Log In/Page_Demo Web Shop. Login/input_Password_Password'

14-08-2024T01:27:00 - [MESSAGE][PASSED] - Text 'unique1234' is set on object 'Object Repository/Test_Log In/Page_Demo Web Shop. Login/input_Password_Password'

14-08-2024T01:27:00 - [TEST_STEP][PASSED] - click(findTestObject("Object Repository/Test_Log In/Page_Demo Web Shop. Login/input_Forgot password_button-1 login-button")): Object: 'Object Repository/Test_Log In/Page_Demo Web Shop. Login/input_Forgot password_button-1 login-button' is clicked on

14-08-2024T01:27:01 - [MESSAGE][PASSED] - Object: 'Object Repository/Test_Log In/Page_Demo Web Shop. Login/input_Forgot password_button-1 login-button' is clicked on

14-08-2024T01:27:01 - [TEST_STEP][PASSED] - click(findTestObject("Test_Log In/Page_Demo Web Shop. Login/Log Out")): Object: 'Object Repository/Test_Log In/Page_Demo Web Shop. Login/Log Out' is clicked on

14-08-2024T01:27:03 - [MESSAGE][PASSED] - Object: 'Object Repository/Test_Log In/Page_Demo Web Shop. Login/Log Out' is clicked on

14-08-2024T01:27:03 - [TEST_STEP][PASSED] - click(findTestObject("Test_Log In/Page_Demo Web Shop. Login/Log In")): Object: 'Object Repository/Test_Log In/Page_Demo Web Shop. Login/Log In' is clicked on

14-08-2024T01:27:04 - [MESSAGE][PASSED] - Object: 'Object Repository/Test_Log In/Page_Demo Web Shop. Login/Log In' is clicked on

14-08-2024T01:27:04 - [TEST_STEP][PASSED] - setText(findTestObject("Object Repository/Test_Log In/Page_Demo Web Shop. Login/input_Email_Email"), Email): Text 'uniquetest124@gmail.com' is set on object 'Object Repository/Test_Log In/Page_Demo Web Shop. Login/input_Email_Email'

14-08-2024T01:27:05 - [MESSAGE][PASSED] - Text 'uniquetest124@gmail.com' is set on object 'Object Repository/Test_Log In/Page_Demo Web Shop. Login/input_Email_Email'

14-08-2024T01:27:05 - [TEST_STEP][PASSED] - setText(findTestObject("Object Repository/Test_Log In/Page_Demo Web Shop. Login/input_Password_Password"), Password): Text 'unique1234' is set on object 'Object Repository/Test_Log In/Page_Demo Web Shop. Login/input_Password_Password'

14-08-2024T01:27:05 - [MESSAGE][PASSED] - Text 'unique1234' is set on object 'Object Repository/Test_Log In/Page_Demo Web Shop. Login/input_Password_Password'

14-08-2024T01:27:05 - [TEST_STEP][PASSED] - click(findTestObject("Object Repository/Test_Log In/Page_Demo Web Shop. Login/input_Forgot password_button-1 login-button")): Object: 'Object Repository/Test_Log In/Page_Demo Web Shop. Login/input_Forgot password_button-1 login-button' is clicked on

14-08-2024T01:27:07 - [MESSAGE][PASSED] - Object: 'Object Repository/Test_Log In/Page_Demo Web Shop. Login/input_Forgot password_button-1 login-button' is clicked on

14-08-2024T01:27:07 - [TEST_STEP][PASSED] - click(findTestObject("Test_Log In/Page_Demo Web Shop. Login/Log Out")): Object: 'Object Repository/Test_Log In/Page_Demo Web Shop. Login/Log Out' is clicked on

14-08-2024T01:27:09 - [MESSAGE][PASSED] - Object: 'Object Repository/Test_Log In/Page_Demo Web Shop. Login/Log Out' is clicked on

14-08-2024T01:27:09 - [TEST_STEP][PASSED] - closeBrowser(): Browser is closed

14-08-2024T01:27:10 - [MESSAGE][PASSED] - Browser is closed]]></system-out>
         <system-err><![CDATA[]]></system-err>
      </testcase>
      <testcase name="Test Cases/Loop_Login" time="23.322" classname="Test Cases/Loop_Login" status="PASSED">
         <system-out><![CDATA[14-08-2024T01:27:10 - [TEST_CASE][PASSED] - Test Cases/Loop_Login: Test Cases/Loop_Login

14-08-2024T01:27:10 - [TEST_STEP][PASSED] - openBrowser(""): Browser is opened with url: ''

14-08-2024T01:27:10 - [MESSAGE][INFO] - Starting 'Chrome' driver

14-08-2024T01:27:10 - [MESSAGE][INFO] - Action delay is set to 0 milliseconds

14-08-2024T01:27:10 - [MESSAGE][PASSED] - Browser is opened with url: ''

14-08-2024T01:27:10 - [TEST_STEP][PASSED] - navigateToUrl("https://demowebshop.tricentis.com/"): Navigate to 'https://demowebshop.tricentis.com/' successfully

14-08-2024T01:27:21 - [MESSAGE][PASSED] - Navigate to 'https://demowebshop.tricentis.com/' successfully

14-08-2024T01:27:21 - [TEST_STEP][PASSED] - for ([i = 0, i < 2, (i++)]): Object: 'Object Repository/Test_Log In/Page_Demo Web Shop. Login/Log Out' is clicked on

14-08-2024T01:27:21 - [TEST_STEP][PASSED] - click(findTestObject("Test_Log In/Page_Demo Web Shop. Login/Log In")): Object: 'Object Repository/Test_Log In/Page_Demo Web Shop. Login/Log In' is clicked on

14-08-2024T01:27:22 - [MESSAGE][PASSED] - Object: 'Object Repository/Test_Log In/Page_Demo Web Shop. Login/Log In' is clicked on

14-08-2024T01:27:22 - [TEST_STEP][PASSED] - setText(findTestObject("Object Repository/Test_Log In/Page_Demo Web Shop. Login/input_Email_Email"), Email): Text 'uniquetest125@gmail.com' is set on object 'Object Repository/Test_Log In/Page_Demo Web Shop. Login/input_Email_Email'

14-08-2024T01:27:23 - [MESSAGE][PASSED] - Text 'uniquetest125@gmail.com' is set on object 'Object Repository/Test_Log In/Page_Demo Web Shop. Login/input_Email_Email'

14-08-2024T01:27:23 - [TEST_STEP][PASSED] - setText(findTestObject("Object Repository/Test_Log In/Page_Demo Web Shop. Login/input_Password_Password"), Password): Text 'test125' is set on object 'Object Repository/Test_Log In/Page_Demo Web Shop. Login/input_Password_Password'

14-08-2024T01:27:23 - [MESSAGE][PASSED] - Text 'test125' is set on object 'Object Repository/Test_Log In/Page_Demo Web Shop. Login/input_Password_Password'

14-08-2024T01:27:23 - [TEST_STEP][PASSED] - click(findTestObject("Object Repository/Test_Log In/Page_Demo Web Shop. Login/input_Forgot password_button-1 login-button")): Object: 'Object Repository/Test_Log In/Page_Demo Web Shop. Login/input_Forgot password_button-1 login-button' is clicked on

14-08-2024T01:27:25 - [MESSAGE][PASSED] - Object: 'Object Repository/Test_Log In/Page_Demo Web Shop. Login/input_Forgot password_button-1 login-button' is clicked on

14-08-2024T01:27:25 - [TEST_STEP][PASSED] - click(findTestObject("Test_Log In/Page_Demo Web Shop. Login/Log Out")): Object: 'Object Repository/Test_Log In/Page_Demo Web Shop. Login/Log Out' is clicked on

14-08-2024T01:27:26 - [MESSAGE][PASSED] - Object: 'Object Repository/Test_Log In/Page_Demo Web Shop. Login/Log Out' is clicked on

14-08-2024T01:27:26 - [TEST_STEP][PASSED] - click(findTestObject("Test_Log In/Page_Demo Web Shop. Login/Log In")): Object: 'Object Repository/Test_Log In/Page_Demo Web Shop. Login/Log In' is clicked on

14-08-2024T01:27:27 - [MESSAGE][PASSED] - Object: 'Object Repository/Test_Log In/Page_Demo Web Shop. Login/Log In' is clicked on

14-08-2024T01:27:27 - [TEST_STEP][PASSED] - setText(findTestObject("Object Repository/Test_Log In/Page_Demo Web Shop. Login/input_Email_Email"), Email): Text 'uniquetest125@gmail.com' is set on object 'Object Repository/Test_Log In/Page_Demo Web Shop. Login/input_Email_Email'

14-08-2024T01:27:28 - [MESSAGE][PASSED] - Text 'uniquetest125@gmail.com' is set on object 'Object Repository/Test_Log In/Page_Demo Web Shop. Login/input_Email_Email'

14-08-2024T01:27:28 - [TEST_STEP][PASSED] - setText(findTestObject("Object Repository/Test_Log In/Page_Demo Web Shop. Login/input_Password_Password"), Password): Text 'test125' is set on object 'Object Repository/Test_Log In/Page_Demo Web Shop. Login/input_Password_Password'

14-08-2024T01:27:29 - [MESSAGE][PASSED] - Text 'test125' is set on object 'Object Repository/Test_Log In/Page_Demo Web Shop. Login/input_Password_Password'

14-08-2024T01:27:29 - [TEST_STEP][PASSED] - click(findTestObject("Object Repository/Test_Log In/Page_Demo Web Shop. Login/input_Forgot password_button-1 login-button")): Object: 'Object Repository/Test_Log In/Page_Demo Web Shop. Login/input_Forgot password_button-1 login-button' is clicked on

14-08-2024T01:27:30 - [MESSAGE][PASSED] - Object: 'Object Repository/Test_Log In/Page_Demo Web Shop. Login/input_Forgot password_button-1 login-button' is clicked on

14-08-2024T01:27:30 - [TEST_STEP][PASSED] - click(findTestObject("Test_Log In/Page_Demo Web Shop. Login/Log Out")): Object: 'Object Repository/Test_Log In/Page_Demo Web Shop. Login/Log Out' is clicked on

14-08-2024T01:27:32 - [MESSAGE][PASSED] - Object: 'Object Repository/Test_Log In/Page_Demo Web Shop. Login/Log Out' is clicked on

14-08-2024T01:27:32 - [TEST_STEP][PASSED] - closeBrowser(): Browser is closed

14-08-2024T01:27:33 - [MESSAGE][PASSED] - Browser is closed]]></system-out>
         <system-err><![CDATA[]]></system-err>
      </testcase>
      <system-out><![CDATA[14-08-2024T01:26:15 - [TEST_SUITE][PASSED] - Log in_Loop: Test Cases/Loop_Login]]></system-out>
      <system-err><![CDATA[]]></system-err>
   </testsuite>
</testsuites>
