<?xml version="1.0" encoding="UTF-8"?>
<testsuites name="LogInTestSuite" time="533.876" tests="3" failures="0" errors="0">
   <testsuite name="LogInTestSuite" tests="3" failures="0" errors="0" time="533.876" skipped="0" timestamp="12-08-2024T19:46:21" hostname="ShankhadwipTalukdar - PSDLAP375" id="Test Suites/DataDriven Test 2/LogInTestSuite">
      <properties>
         <property name="deviceName" value=""/>
         <property name="devicePlatform"/>
         <property name="logFolder" value="C:\\Users\\ShankhadwipTalukdar\\git\\Katalon_trial\\Reports\\20240812_194618\\DataDriven Test 2\\LogInTestSuite\\20240812_194618"/>
         <property name="logFiles" value="C:\\Users\\ShankhadwipTalukdar\\git\\Katalon_trial\\Reports\\20240812_194618\\DataDriven Test 2\\LogInTestSuite\\20240812_194618\\execution0.log"/>
         <property name="attachments" value=""/>
         <property name="hostName" value="ShankhadwipTalukdar - PSDLAP375"/>
         <property name="os" value="Windows 11 64bit"/>
         <property name="katalonVersion" value="9.5.0.217"/>
         <property name="browser" value="Chrome 127.0.0.0"/>
         <property name="hostAddress" value="192.168.43.12"/>
         <property name="sessionId" value="346a5faac9eed364ed588504ed6a7cb0"/>
         <property name="seleniumVersion" value="3.141.59"/>
         <property name="proxyInformation" value="ProxyInformation { proxyOption=NO_PROXY, proxyServerType=HTTP, username=, password=********, proxyServerAddress=, proxyServerPort=0, executionList=&quot;&quot;, isApplyToDesiredCapabilities=true }"/>
         <property name="platform" value="Windows 11"/>
      </properties>
      <testcase name="Test Cases/Test Case" time="83.891" classname="Test Cases/Test Case" status="PASSED">
         <system-out><![CDATA[12-08-2024T19:46:21 - [TEST_CASE][PASSED] - Test Cases/Test Case: Test Cases/Test Case

12-08-2024T19:46:22 - [TEST_STEP][PASSED] - openBrowser(""): Browser is opened with url: ''

12-08-2024T19:46:22 - [MESSAGE][INFO] - Starting 'Chrome' driver

12-08-2024T19:46:22 - [MESSAGE][INFO] - Action delay is set to 0 milliseconds

12-08-2024T19:46:34 - [MESSAGE][PASSED] - Browser is opened with url: ''

12-08-2024T19:46:34 - [TEST_STEP][PASSED] - navigateToUrl("https://demowebshop.tricentis.com/login"): Navigate to 'https://demowebshop.tricentis.com/login' successfully

12-08-2024T19:47:05 - [MESSAGE][PASSED] - Navigate to 'https://demowebshop.tricentis.com/login' successfully

12-08-2024T19:47:05 - [TEST_STEP][PASSED] - setText(findTestObject("Object Repository/Test_Log In/Page_Demo Web Shop. Login/input_Email_Email"), Email): Text 'uniquetest123@gmail.com' is set on object 'Object Repository/Test_Log In/Page_Demo Web Shop. Login/input_Email_Email'

12-08-2024T19:47:05 - [MESSAGE][PASSED] - Text 'uniquetest123@gmail.com' is set on object 'Object Repository/Test_Log In/Page_Demo Web Shop. Login/input_Email_Email'

12-08-2024T19:47:05 - [TEST_STEP][PASSED] - setText(findTestObject("Object Repository/Test_Log In/Page_Demo Web Shop. Login/input_Password_Password"), Password): Text 'test123' is set on object 'Object Repository/Test_Log In/Page_Demo Web Shop. Login/input_Password_Password'

12-08-2024T19:47:06 - [MESSAGE][PASSED] - Text 'test123' is set on object 'Object Repository/Test_Log In/Page_Demo Web Shop. Login/input_Password_Password'

12-08-2024T19:47:06 - [TEST_STEP][PASSED] - click(findTestObject("Object Repository/Test_Log In/Page_Demo Web Shop. Login/input_Forgot password_button-1 login-button")): Object: 'Object Repository/Test_Log In/Page_Demo Web Shop. Login/input_Forgot password_button-1 login-button' is clicked on

12-08-2024T19:47:45 - [MESSAGE][PASSED] - Object: 'Object Repository/Test_Log In/Page_Demo Web Shop. Login/input_Forgot password_button-1 login-button' is clicked on

12-08-2024T19:47:45 - [TEST_STEP][PASSED] - closeBrowser(): Browser is closed

12-08-2024T19:47:45 - [MESSAGE][PASSED] - Browser is closed]]></system-out>
         <system-err><![CDATA[]]></system-err>
      </testcase>
      <testcase name="Test Cases/Test Case" time="107.467" classname="Test Cases/Test Case" status="PASSED">
         <system-out><![CDATA[12-08-2024T19:47:45 - [TEST_CASE][PASSED] - Test Cases/Test Case: Test Cases/Test Case

12-08-2024T19:47:45 - [TEST_STEP][PASSED] - openBrowser(""): Browser is opened with url: ''

12-08-2024T19:47:45 - [MESSAGE][INFO] - Starting 'Chrome' driver

12-08-2024T19:47:45 - [MESSAGE][INFO] - Action delay is set to 0 milliseconds

12-08-2024T19:47:46 - [MESSAGE][PASSED] - Browser is opened with url: ''

12-08-2024T19:47:46 - [TEST_STEP][PASSED] - navigateToUrl("https://demowebshop.tricentis.com/login"): Navigate to 'https://demowebshop.tricentis.com/login' successfully

12-08-2024T19:48:14 - [MESSAGE][PASSED] - Navigate to 'https://demowebshop.tricentis.com/login' successfully

12-08-2024T19:48:14 - [TEST_STEP][PASSED] - setText(findTestObject("Object Repository/Test_Log In/Page_Demo Web Shop. Login/input_Email_Email"), Email): Text 'uniquetest124@gmail.com' is set on object 'Object Repository/Test_Log In/Page_Demo Web Shop. Login/input_Email_Email'

12-08-2024T19:48:15 - [MESSAGE][PASSED] - Text 'uniquetest124@gmail.com' is set on object 'Object Repository/Test_Log In/Page_Demo Web Shop. Login/input_Email_Email'

12-08-2024T19:48:15 - [TEST_STEP][PASSED] - setText(findTestObject("Object Repository/Test_Log In/Page_Demo Web Shop. Login/input_Password_Password"), Password): Text 'unique1234' is set on object 'Object Repository/Test_Log In/Page_Demo Web Shop. Login/input_Password_Password'

12-08-2024T19:48:15 - [MESSAGE][PASSED] - Text 'unique1234' is set on object 'Object Repository/Test_Log In/Page_Demo Web Shop. Login/input_Password_Password'

12-08-2024T19:48:15 - [TEST_STEP][PASSED] - click(findTestObject("Object Repository/Test_Log In/Page_Demo Web Shop. Login/input_Forgot password_button-1 login-button")): Object: 'Object Repository/Test_Log In/Page_Demo Web Shop. Login/input_Forgot password_button-1 login-button' is clicked on

12-08-2024T19:49:32 - [MESSAGE][PASSED] - Object: 'Object Repository/Test_Log In/Page_Demo Web Shop. Login/input_Forgot password_button-1 login-button' is clicked on

12-08-2024T19:49:32 - [TEST_STEP][PASSED] - closeBrowser(): Browser is closed

12-08-2024T19:49:33 - [MESSAGE][PASSED] - Browser is closed]]></system-out>
         <system-err><![CDATA[]]></system-err>
      </testcase>
      <testcase name="Test Cases/Test Case" time="342.26" classname="Test Cases/Test Case" status="PASSED">
         <system-out><![CDATA[12-08-2024T19:49:33 - [TEST_CASE][PASSED] - Test Cases/Test Case: Test Cases/Test Case

12-08-2024T19:49:33 - [TEST_STEP][PASSED] - openBrowser(""): Browser is opened with url: ''

12-08-2024T19:49:33 - [MESSAGE][INFO] - Starting 'Chrome' driver

12-08-2024T19:49:33 - [MESSAGE][INFO] - Action delay is set to 0 milliseconds

12-08-2024T19:49:34 - [MESSAGE][PASSED] - Browser is opened with url: ''

12-08-2024T19:49:34 - [TEST_STEP][PASSED] - navigateToUrl("https://demowebshop.tricentis.com/login"): Navigate to 'https://demowebshop.tricentis.com/login' successfully

12-08-2024T19:53:08 - [MESSAGE][PASSED] - Navigate to 'https://demowebshop.tricentis.com/login' successfully

12-08-2024T19:53:08 - [TEST_STEP][PASSED] - setText(findTestObject("Object Repository/Test_Log In/Page_Demo Web Shop. Login/input_Email_Email"), Email): Text 'uniquetest125@gmail.com' is set on object 'Object Repository/Test_Log In/Page_Demo Web Shop. Login/input_Email_Email'

12-08-2024T19:53:09 - [MESSAGE][PASSED] - Text 'uniquetest125@gmail.com' is set on object 'Object Repository/Test_Log In/Page_Demo Web Shop. Login/input_Email_Email'

12-08-2024T19:53:09 - [TEST_STEP][PASSED] - setText(findTestObject("Object Repository/Test_Log In/Page_Demo Web Shop. Login/input_Password_Password"), Password): Text 'test125' is set on object 'Object Repository/Test_Log In/Page_Demo Web Shop. Login/input_Password_Password'

12-08-2024T19:53:09 - [MESSAGE][PASSED] - Text 'test125' is set on object 'Object Repository/Test_Log In/Page_Demo Web Shop. Login/input_Password_Password'

12-08-2024T19:53:09 - [TEST_STEP][PASSED] - click(findTestObject("Object Repository/Test_Log In/Page_Demo Web Shop. Login/input_Forgot password_button-1 login-button")): Object: 'Object Repository/Test_Log In/Page_Demo Web Shop. Login/input_Forgot password_button-1 login-button' is clicked on

12-08-2024T19:55:15 - [MESSAGE][PASSED] - Object: 'Object Repository/Test_Log In/Page_Demo Web Shop. Login/input_Forgot password_button-1 login-button' is clicked on

12-08-2024T19:55:15 - [TEST_STEP][PASSED] - closeBrowser(): Browser is closed

12-08-2024T19:55:15 - [MESSAGE][PASSED] - Browser is closed]]></system-out>
         <system-err><![CDATA[]]></system-err>
      </testcase>
      <system-out><![CDATA[12-08-2024T19:46:21 - [TEST_SUITE][PASSED] - LogInTestSuite: Test Cases/Test Case]]></system-out>
      <system-err><![CDATA[]]></system-err>
   </testsuite>
</testsuites>
