<?xml version="1.0" encoding="UTF-8"?>
<testsuites name="Caring Connection sign up" time="86.195" tests="3" failures="0" errors="0">
   <testsuite name="Caring Connection sign up" tests="3" failures="0" errors="0" time="86.195" skipped="0" timestamp="20-08-2024T23:12:48" hostname="ShankhadwipTalukdar - PSDLAP375" id="Test Suites/Caring Connection/Caring Connection sign up">
      <properties>
         <property name="deviceName" value=""/>
         <property name="devicePlatform"/>
         <property name="logFolder" value="C:\\Users\\ShankhadwipTalukdar\\git\\Katalon_trial\\Reports\\20240820_231244\\Caring Connection\\Caring Connection sign up\\20240820_231245"/>
         <property name="logFiles" value="C:\\Users\\ShankhadwipTalukdar\\git\\Katalon_trial\\Reports\\20240820_231244\\Caring Connection\\Caring Connection sign up\\20240820_231245\\execution0.log"/>
         <property name="attachments" value=""/>
         <property name="hostName" value="ShankhadwipTalukdar - PSDLAP375"/>
         <property name="os" value="Windows 11 64bit"/>
         <property name="katalonVersion" value="9.5.0.217"/>
         <property name="browser" value="Chrome 127.0.0.0"/>
         <property name="hostAddress" value="192.168.122.12"/>
         <property name="sessionId" value="25f8c6838dd101a9d3c5491f00dd4bb8"/>
         <property name="seleniumVersion" value="3.141.59"/>
         <property name="proxyInformation" value="ProxyInformation { proxyOption=NO_PROXY, proxyServerType=HTTP, username=, password=********, proxyServerAddress=, proxyServerPort=0, executionList=&quot;&quot;, isApplyToDesiredCapabilities=true }"/>
         <property name="platform" value="Windows 11"/>
      </properties>
      <testcase name="Test Cases/Caring Connection/Sign Up" time="25.665" classname="Test Cases/Caring Connection/Sign Up" status="PASSED">
         <system-out><![CDATA[20-08-2024T23:12:49 - [TEST_CASE][PASSED] - Test Cases/Caring Connection/Sign Up: Test Cases/Caring Connection/Sign Up

20-08-2024T23:12:49 - [TEST_STEP][PASSED] - openBrowser("https://caring-connections-qa.azurewebsites.net/"): Browser is opened with url: 'https://caring-connections-qa.azurewebsites.net/'

20-08-2024T23:12:49 - [MESSAGE][INFO] - Starting 'Chrome' driver

20-08-2024T23:12:49 - [MESSAGE][INFO] - Action delay is set to 0 milliseconds

20-08-2024T23:12:59 - [MESSAGE][PASSED] - Browser is opened with url: 'https://caring-connections-qa.azurewebsites.net/'

20-08-2024T23:12:59 - [TEST_STEP][PASSED] - maximizeWindow(): Current window maximized

20-08-2024T23:12:59 - [MESSAGE][PASSED] - Current window maximized

20-08-2024T23:12:59 - [TEST_STEP][PASSED] - click(findTestObject("Caring Connection/Page_CaringConnections-v-1.19/Sign Up(1)")): Object: 'Object Repository/Caring Connection/Page_CaringConnections-v-1.19/Sign Up(1)' is clicked on

20-08-2024T23:13:03 - [MESSAGE][PASSED] - Object: 'Object Repository/Caring Connection/Page_CaringConnections-v-1.19/Sign Up(1)' is clicked on

20-08-2024T23:13:03 - [TEST_STEP][PASSED] - setText(findTestObject("Caring Connection/Page_CaringConnections-v-1.19/input__name"), name): Text 'Crhis Nate' is set on object 'Object Repository/Caring Connection/Page_CaringConnections-v-1.19/input__name'

20-08-2024T23:13:04 - [MESSAGE][PASSED] - Text 'Crhis Nate' is set on object 'Object Repository/Caring Connection/Page_CaringConnections-v-1.19/input__name'

20-08-2024T23:13:04 - [TEST_STEP][PASSED] - setText(findTestObject("Caring Connection/Page_CaringConnections-v-1.19/Zip Code"), zipcode): Text '781351' is set on object 'Object Repository/Caring Connection/Page_CaringConnections-v-1.19/Zip Code'

20-08-2024T23:13:04 - [MESSAGE][PASSED] - Text '781351' is set on object 'Object Repository/Caring Connection/Page_CaringConnections-v-1.19/Zip Code'

20-08-2024T23:13:04 - [TEST_STEP][PASSED] - setText(findTestObject("Caring Connection/Page_CaringConnections-v-1.19/input__username"), username): Text 'chrisnate@gmail.com' is set on object 'Object Repository/Caring Connection/Page_CaringConnections-v-1.19/input__username'

20-08-2024T23:13:05 - [MESSAGE][PASSED] - Text 'chrisnate@gmail.com' is set on object 'Object Repository/Caring Connection/Page_CaringConnections-v-1.19/input__username'

20-08-2024T23:13:05 - [TEST_STEP][PASSED] - setText(findTestObject("Caring Connection/Page_CaringConnections-v-1.19/input__password"), password): Text 'Cross@123' is set on object 'Object Repository/Caring Connection/Page_CaringConnections-v-1.19/input__password'

20-08-2024T23:13:06 - [MESSAGE][PASSED] - Text 'Cross@123' is set on object 'Object Repository/Caring Connection/Page_CaringConnections-v-1.19/input__password'

20-08-2024T23:13:06 - [TEST_STEP][PASSED] - click(findTestObject("Caring Connection/Page_CaringConnections-v-1.19/input__role")): Object: 'Object Repository/Caring Connection/Page_CaringConnections-v-1.19/input__role' is clicked on

20-08-2024T23:13:06 - [MESSAGE][PASSED] - Object: 'Object Repository/Caring Connection/Page_CaringConnections-v-1.19/input__role' is clicked on

20-08-2024T23:13:06 - [TEST_STEP][PASSED] - delay(3): Delayed 3 second(s)

20-08-2024T23:13:09 - [MESSAGE][PASSED] - Delayed 3 second(s)

20-08-2024T23:13:09 - [TEST_STEP][PASSED] - click(findTestObject("Caring Connection/Page_CaringConnections-v-1.19/SignUp(2)")): Object: 'Object Repository/Caring Connection/Page_CaringConnections-v-1.19/SignUp(2)' is clicked on

20-08-2024T23:13:09 - [MESSAGE][PASSED] - Object: 'Object Repository/Caring Connection/Page_CaringConnections-v-1.19/SignUp(2)' is clicked on

20-08-2024T23:13:09 - [TEST_STEP][PASSED] - delay(4): Delayed 4 second(s)

20-08-2024T23:13:13 - [MESSAGE][PASSED] - Delayed 4 second(s)

20-08-2024T23:13:13 - [TEST_STEP][PASSED] - closeBrowser(): Browser is closed

20-08-2024T23:13:14 - [MESSAGE][PASSED] - Browser is closed]]></system-out>
         <system-err><![CDATA[]]></system-err>
      </testcase>
      <testcase name="Test Cases/Caring Connection/Sign Up" time="36.116" classname="Test Cases/Caring Connection/Sign Up" status="PASSED">
         <system-out><![CDATA[20-08-2024T23:13:14 - [TEST_CASE][PASSED] - Test Cases/Caring Connection/Sign Up: Test Cases/Caring Connection/Sign Up

20-08-2024T23:13:14 - [TEST_STEP][PASSED] - openBrowser("https://caring-connections-qa.azurewebsites.net/"): Browser is opened with url: 'https://caring-connections-qa.azurewebsites.net/'

20-08-2024T23:13:14 - [MESSAGE][INFO] - Starting 'Chrome' driver

20-08-2024T23:13:14 - [MESSAGE][INFO] - Action delay is set to 0 milliseconds

20-08-2024T23:13:29 - [MESSAGE][PASSED] - Browser is opened with url: 'https://caring-connections-qa.azurewebsites.net/'

20-08-2024T23:13:29 - [TEST_STEP][PASSED] - maximizeWindow(): Current window maximized

20-08-2024T23:13:29 - [MESSAGE][PASSED] - Current window maximized

20-08-2024T23:13:29 - [TEST_STEP][PASSED] - click(findTestObject("Caring Connection/Page_CaringConnections-v-1.19/Sign Up(1)")): Object: 'Object Repository/Caring Connection/Page_CaringConnections-v-1.19/Sign Up(1)' is clicked on

20-08-2024T23:13:39 - [MESSAGE][PASSED] - Object: 'Object Repository/Caring Connection/Page_CaringConnections-v-1.19/Sign Up(1)' is clicked on

20-08-2024T23:13:39 - [TEST_STEP][PASSED] - setText(findTestObject("Caring Connection/Page_CaringConnections-v-1.19/input__name"), name): Text 'John Brick' is set on object 'Object Repository/Caring Connection/Page_CaringConnections-v-1.19/input__name'

20-08-2024T23:13:40 - [MESSAGE][PASSED] - Text 'John Brick' is set on object 'Object Repository/Caring Connection/Page_CaringConnections-v-1.19/input__name'

20-08-2024T23:13:40 - [TEST_STEP][PASSED] - setText(findTestObject("Caring Connection/Page_CaringConnections-v-1.19/Zip Code"), zipcode): Text '78144' is set on object 'Object Repository/Caring Connection/Page_CaringConnections-v-1.19/Zip Code'

20-08-2024T23:13:40 - [MESSAGE][PASSED] - Text '78144' is set on object 'Object Repository/Caring Connection/Page_CaringConnections-v-1.19/Zip Code'

20-08-2024T23:13:40 - [TEST_STEP][PASSED] - setText(findTestObject("Caring Connection/Page_CaringConnections-v-1.19/input__username"), username): Text 'john123@gmail.com' is set on object 'Object Repository/Caring Connection/Page_CaringConnections-v-1.19/input__username'

20-08-2024T23:13:41 - [MESSAGE][PASSED] - Text 'john123@gmail.com' is set on object 'Object Repository/Caring Connection/Page_CaringConnections-v-1.19/input__username'

20-08-2024T23:13:41 - [TEST_STEP][PASSED] - setText(findTestObject("Caring Connection/Page_CaringConnections-v-1.19/input__password"), password): Text 'Cross@323' is set on object 'Object Repository/Caring Connection/Page_CaringConnections-v-1.19/input__password'

20-08-2024T23:13:42 - [MESSAGE][PASSED] - Text 'Cross@323' is set on object 'Object Repository/Caring Connection/Page_CaringConnections-v-1.19/input__password'

20-08-2024T23:13:42 - [TEST_STEP][PASSED] - click(findTestObject("Caring Connection/Page_CaringConnections-v-1.19/input__role")): Object: 'Object Repository/Caring Connection/Page_CaringConnections-v-1.19/input__role' is clicked on

20-08-2024T23:13:42 - [MESSAGE][PASSED] - Object: 'Object Repository/Caring Connection/Page_CaringConnections-v-1.19/input__role' is clicked on

20-08-2024T23:13:42 - [TEST_STEP][PASSED] - delay(3): Delayed 3 second(s)

20-08-2024T23:13:45 - [MESSAGE][PASSED] - Delayed 3 second(s)

20-08-2024T23:13:45 - [TEST_STEP][PASSED] - click(findTestObject("Caring Connection/Page_CaringConnections-v-1.19/SignUp(2)")): Object: 'Object Repository/Caring Connection/Page_CaringConnections-v-1.19/SignUp(2)' is clicked on

20-08-2024T23:13:46 - [MESSAGE][PASSED] - Object: 'Object Repository/Caring Connection/Page_CaringConnections-v-1.19/SignUp(2)' is clicked on

20-08-2024T23:13:46 - [TEST_STEP][PASSED] - delay(4): Delayed 4 second(s)

20-08-2024T23:13:50 - [MESSAGE][PASSED] - Delayed 4 second(s)

20-08-2024T23:13:50 - [TEST_STEP][PASSED] - closeBrowser(): Browser is closed

20-08-2024T23:13:50 - [MESSAGE][PASSED] - Browser is closed]]></system-out>
         <system-err><![CDATA[]]></system-err>
      </testcase>
      <testcase name="Test Cases/Caring Connection/Sign Up" time="24.058" classname="Test Cases/Caring Connection/Sign Up" status="PASSED">
         <system-out><![CDATA[20-08-2024T23:13:50 - [TEST_CASE][PASSED] - Test Cases/Caring Connection/Sign Up: Test Cases/Caring Connection/Sign Up

20-08-2024T23:13:51 - [TEST_STEP][PASSED] - openBrowser("https://caring-connections-qa.azurewebsites.net/"): Browser is opened with url: 'https://caring-connections-qa.azurewebsites.net/'

20-08-2024T23:13:51 - [MESSAGE][INFO] - Starting 'Chrome' driver

20-08-2024T23:13:51 - [MESSAGE][INFO] - Action delay is set to 0 milliseconds

20-08-2024T23:14:01 - [MESSAGE][PASSED] - Browser is opened with url: 'https://caring-connections-qa.azurewebsites.net/'

20-08-2024T23:14:01 - [TEST_STEP][PASSED] - maximizeWindow(): Current window maximized

20-08-2024T23:14:01 - [MESSAGE][PASSED] - Current window maximized

20-08-2024T23:14:01 - [TEST_STEP][PASSED] - click(findTestObject("Caring Connection/Page_CaringConnections-v-1.19/Sign Up(1)")): Object: 'Object Repository/Caring Connection/Page_CaringConnections-v-1.19/Sign Up(1)' is clicked on

20-08-2024T23:14:03 - [MESSAGE][PASSED] - Object: 'Object Repository/Caring Connection/Page_CaringConnections-v-1.19/Sign Up(1)' is clicked on

20-08-2024T23:14:03 - [TEST_STEP][PASSED] - setText(findTestObject("Caring Connection/Page_CaringConnections-v-1.19/input__name"), name): Text 'Mase Mount' is set on object 'Object Repository/Caring Connection/Page_CaringConnections-v-1.19/input__name'

20-08-2024T23:14:04 - [MESSAGE][PASSED] - Text 'Mase Mount' is set on object 'Object Repository/Caring Connection/Page_CaringConnections-v-1.19/input__name'

20-08-2024T23:14:04 - [TEST_STEP][PASSED] - setText(findTestObject("Caring Connection/Page_CaringConnections-v-1.19/Zip Code"), zipcode): Text '27822' is set on object 'Object Repository/Caring Connection/Page_CaringConnections-v-1.19/Zip Code'

20-08-2024T23:14:04 - [MESSAGE][PASSED] - Text '27822' is set on object 'Object Repository/Caring Connection/Page_CaringConnections-v-1.19/Zip Code'

20-08-2024T23:14:04 - [TEST_STEP][PASSED] - setText(findTestObject("Caring Connection/Page_CaringConnections-v-1.19/input__username"), username): Text 'hellomase@gmail.com' is set on object 'Object Repository/Caring Connection/Page_CaringConnections-v-1.19/input__username'

20-08-2024T23:14:05 - [MESSAGE][PASSED] - Text 'hellomase@gmail.com' is set on object 'Object Repository/Caring Connection/Page_CaringConnections-v-1.19/input__username'

20-08-2024T23:14:05 - [TEST_STEP][PASSED] - setText(findTestObject("Caring Connection/Page_CaringConnections-v-1.19/input__password"), password): Text 'Cross@223' is set on object 'Object Repository/Caring Connection/Page_CaringConnections-v-1.19/input__password'

20-08-2024T23:14:06 - [MESSAGE][PASSED] - Text 'Cross@223' is set on object 'Object Repository/Caring Connection/Page_CaringConnections-v-1.19/input__password'

20-08-2024T23:14:06 - [TEST_STEP][PASSED] - click(findTestObject("Caring Connection/Page_CaringConnections-v-1.19/input__role")): Object: 'Object Repository/Caring Connection/Page_CaringConnections-v-1.19/input__role' is clicked on

20-08-2024T23:14:06 - [MESSAGE][PASSED] - Object: 'Object Repository/Caring Connection/Page_CaringConnections-v-1.19/input__role' is clicked on

20-08-2024T23:14:06 - [TEST_STEP][PASSED] - delay(3): Delayed 3 second(s)

20-08-2024T23:14:09 - [MESSAGE][PASSED] - Delayed 3 second(s)

20-08-2024T23:14:09 - [TEST_STEP][PASSED] - click(findTestObject("Caring Connection/Page_CaringConnections-v-1.19/SignUp(2)")): Object: 'Object Repository/Caring Connection/Page_CaringConnections-v-1.19/SignUp(2)' is clicked on

20-08-2024T23:14:09 - [MESSAGE][PASSED] - Object: 'Object Repository/Caring Connection/Page_CaringConnections-v-1.19/SignUp(2)' is clicked on

20-08-2024T23:14:09 - [TEST_STEP][PASSED] - delay(4): Delayed 4 second(s)

20-08-2024T23:14:13 - [MESSAGE][PASSED] - Delayed 4 second(s)

20-08-2024T23:14:13 - [TEST_STEP][PASSED] - closeBrowser(): Browser is closed

20-08-2024T23:14:15 - [MESSAGE][PASSED] - Browser is closed]]></system-out>
         <system-err><![CDATA[]]></system-err>
      </testcase>
      <system-out><![CDATA[20-08-2024T23:12:48 - [TEST_SUITE][PASSED] - Caring Connection sign up: Test Cases/Caring Connection/Sign Up]]></system-out>
      <system-err><![CDATA[]]></system-err>
   </testsuite>
</testsuites>
