<?xml version="1.0" encoding="UTF-8"?>
<testsuites name="LogInTestSuite" time="47.517" tests="3" failures="0" errors="0">
   <testsuite name="LogInTestSuite" tests="3" failures="0" errors="0" time="47.517" skipped="0" timestamp="10-08-2024T19:45:08" hostname="ShankhadwipTalukdar - PSDLAP375" id="Test Suites/DataDrivenTest/LogInTestSuite">
      <properties>
         <property name="deviceName" value=""/>
         <property name="devicePlatform"/>
         <property name="logFolder" value="C:\\Users\\ShankhadwipTalukdar\\git\\Katalon_trial\\Reports\\20240810_194504\\DataDrivenTest\\LogInTestSuite\\20240810_194505"/>
         <property name="logFiles" value="C:\\Users\\ShankhadwipTalukdar\\git\\Katalon_trial\\Reports\\20240810_194504\\DataDrivenTest\\LogInTestSuite\\20240810_194505\\execution0.log"/>
         <property name="attachments" value=""/>
         <property name="hostName" value="ShankhadwipTalukdar - PSDLAP375"/>
         <property name="os" value="Windows 11 64bit"/>
         <property name="katalonVersion" value="9.5.0.217"/>
         <property name="browser" value="Chrome 127.0.0.0"/>
         <property name="hostAddress" value="192.168.86.12"/>
         <property name="sessionId" value="e43bdb489c9d4a7b5d89d85c04269778"/>
         <property name="seleniumVersion" value="3.141.59"/>
         <property name="proxyInformation" value="ProxyInformation { proxyOption=NO_PROXY, proxyServerType=HTTP, username=, password=********, proxyServerAddress=, proxyServerPort=0, executionList=&quot;&quot;, isApplyToDesiredCapabilities=true }"/>
         <property name="platform" value="Windows 11"/>
      </properties>
      <testcase name="Test Cases/Test Case" time="17.793" classname="Test Cases/Test Case" status="PASSED">
         <system-out><![CDATA[10-08-2024T19:45:09 - [TEST_CASE][PASSED] - Test Cases/Test Case: Test Cases/Test Case

10-08-2024T19:45:09 - [TEST_STEP][PASSED] - openBrowser(""): Browser is opened with url: ''

10-08-2024T19:45:09 - [MESSAGE][INFO] - Starting 'Chrome' driver

10-08-2024T19:45:09 - [MESSAGE][INFO] - Action delay is set to 0 milliseconds

10-08-2024T19:45:11 - [MESSAGE][PASSED] - Browser is opened with url: ''

10-08-2024T19:45:11 - [TEST_STEP][PASSED] - navigateToUrl("https://demowebshop.tricentis.com/login"): Navigate to 'https://demowebshop.tricentis.com/login' successfully

10-08-2024T19:45:15 - [MESSAGE][PASSED] - Navigate to 'https://demowebshop.tricentis.com/login' successfully

10-08-2024T19:45:15 - [TEST_STEP][PASSED] - setText(findTestObject("Object Repository/Test_Log In/Page_Demo Web Shop. Login/input_Email_Email"), Email): Text 'uniquetest123@gmail.com' is set on object 'Object Repository/Test_Log In/Page_Demo Web Shop. Login/input_Email_Email'

10-08-2024T19:45:16 - [MESSAGE][PASSED] - Text 'uniquetest123@gmail.com' is set on object 'Object Repository/Test_Log In/Page_Demo Web Shop. Login/input_Email_Email'

10-08-2024T19:45:16 - [TEST_STEP][PASSED] - setText(findTestObject("Object Repository/Test_Log In/Page_Demo Web Shop. Login/input_Password_Password"), Password): Text 'test123' is set on object 'Object Repository/Test_Log In/Page_Demo Web Shop. Login/input_Password_Password'

10-08-2024T19:45:17 - [MESSAGE][PASSED] - Text 'test123' is set on object 'Object Repository/Test_Log In/Page_Demo Web Shop. Login/input_Password_Password'

10-08-2024T19:45:17 - [TEST_STEP][PASSED] - click(findTestObject("Object Repository/Test_Log In/Page_Demo Web Shop. Login/input_Forgot password_button-1 login-button")): Object: 'Object Repository/Test_Log In/Page_Demo Web Shop. Login/input_Forgot password_button-1 login-button' is clicked on

10-08-2024T19:45:26 - [MESSAGE][PASSED] - Object: 'Object Repository/Test_Log In/Page_Demo Web Shop. Login/input_Forgot password_button-1 login-button' is clicked on

10-08-2024T19:45:26 - [TEST_STEP][PASSED] - closeBrowser(): Browser is closed

10-08-2024T19:45:26 - [MESSAGE][PASSED] - Browser is closed]]></system-out>
         <system-err><![CDATA[]]></system-err>
      </testcase>
      <testcase name="Test Cases/Test Case" time="16.401" classname="Test Cases/Test Case" status="PASSED">
         <system-out><![CDATA[10-08-2024T19:45:26 - [TEST_CASE][PASSED] - Test Cases/Test Case: Test Cases/Test Case

10-08-2024T19:45:26 - [TEST_STEP][PASSED] - openBrowser(""): Browser is opened with url: ''

10-08-2024T19:45:26 - [MESSAGE][INFO] - Starting 'Chrome' driver

10-08-2024T19:45:26 - [MESSAGE][INFO] - Action delay is set to 0 milliseconds

10-08-2024T19:45:27 - [MESSAGE][PASSED] - Browser is opened with url: ''

10-08-2024T19:45:27 - [TEST_STEP][PASSED] - navigateToUrl("https://demowebshop.tricentis.com/login"): Navigate to 'https://demowebshop.tricentis.com/login' successfully

10-08-2024T19:45:31 - [MESSAGE][PASSED] - Navigate to 'https://demowebshop.tricentis.com/login' successfully

10-08-2024T19:45:31 - [TEST_STEP][PASSED] - setText(findTestObject("Object Repository/Test_Log In/Page_Demo Web Shop. Login/input_Email_Email"), Email): Text 'uniquetest124@gmail.com' is set on object 'Object Repository/Test_Log In/Page_Demo Web Shop. Login/input_Email_Email'

10-08-2024T19:45:32 - [MESSAGE][PASSED] - Text 'uniquetest124@gmail.com' is set on object 'Object Repository/Test_Log In/Page_Demo Web Shop. Login/input_Email_Email'

10-08-2024T19:45:32 - [TEST_STEP][PASSED] - setText(findTestObject("Object Repository/Test_Log In/Page_Demo Web Shop. Login/input_Password_Password"), Password): Text 'unique1234' is set on object 'Object Repository/Test_Log In/Page_Demo Web Shop. Login/input_Password_Password'

10-08-2024T19:45:33 - [MESSAGE][PASSED] - Text 'unique1234' is set on object 'Object Repository/Test_Log In/Page_Demo Web Shop. Login/input_Password_Password'

10-08-2024T19:45:33 - [TEST_STEP][PASSED] - click(findTestObject("Object Repository/Test_Log In/Page_Demo Web Shop. Login/input_Forgot password_button-1 login-button")): Object: 'Object Repository/Test_Log In/Page_Demo Web Shop. Login/input_Forgot password_button-1 login-button' is clicked on

10-08-2024T19:45:42 - [MESSAGE][PASSED] - Object: 'Object Repository/Test_Log In/Page_Demo Web Shop. Login/input_Forgot password_button-1 login-button' is clicked on

10-08-2024T19:45:42 - [TEST_STEP][PASSED] - closeBrowser(): Browser is closed

10-08-2024T19:45:43 - [MESSAGE][PASSED] - Browser is closed]]></system-out>
         <system-err><![CDATA[]]></system-err>
      </testcase>
      <testcase name="Test Cases/Test Case" time="13.063" classname="Test Cases/Test Case" status="PASSED">
         <system-out><![CDATA[10-08-2024T19:45:43 - [TEST_CASE][PASSED] - Test Cases/Test Case: Test Cases/Test Case

10-08-2024T19:45:43 - [TEST_STEP][PASSED] - openBrowser(""): Browser is opened with url: ''

10-08-2024T19:45:43 - [MESSAGE][INFO] - Starting 'Chrome' driver

10-08-2024T19:45:43 - [MESSAGE][INFO] - Action delay is set to 0 milliseconds

10-08-2024T19:45:44 - [MESSAGE][PASSED] - Browser is opened with url: ''

10-08-2024T19:45:44 - [TEST_STEP][PASSED] - navigateToUrl("https://demowebshop.tricentis.com/login"): Navigate to 'https://demowebshop.tricentis.com/login' successfully

10-08-2024T19:45:47 - [MESSAGE][PASSED] - Navigate to 'https://demowebshop.tricentis.com/login' successfully

10-08-2024T19:45:47 - [TEST_STEP][PASSED] - setText(findTestObject("Object Repository/Test_Log In/Page_Demo Web Shop. Login/input_Email_Email"), Email): Text 'uniquetest125@gmail.com' is set on object 'Object Repository/Test_Log In/Page_Demo Web Shop. Login/input_Email_Email'

10-08-2024T19:45:48 - [MESSAGE][PASSED] - Text 'uniquetest125@gmail.com' is set on object 'Object Repository/Test_Log In/Page_Demo Web Shop. Login/input_Email_Email'

10-08-2024T19:45:48 - [TEST_STEP][PASSED] - setText(findTestObject("Object Repository/Test_Log In/Page_Demo Web Shop. Login/input_Password_Password"), Password): Text 'test125' is set on object 'Object Repository/Test_Log In/Page_Demo Web Shop. Login/input_Password_Password'

10-08-2024T19:45:49 - [MESSAGE][PASSED] - Text 'test125' is set on object 'Object Repository/Test_Log In/Page_Demo Web Shop. Login/input_Password_Password'

10-08-2024T19:45:49 - [TEST_STEP][PASSED] - click(findTestObject("Object Repository/Test_Log In/Page_Demo Web Shop. Login/input_Forgot password_button-1 login-button")): Object: 'Object Repository/Test_Log In/Page_Demo Web Shop. Login/input_Forgot password_button-1 login-button' is clicked on

10-08-2024T19:45:56 - [MESSAGE][PASSED] - Object: 'Object Repository/Test_Log In/Page_Demo Web Shop. Login/input_Forgot password_button-1 login-button' is clicked on

10-08-2024T19:45:56 - [TEST_STEP][PASSED] - closeBrowser(): Browser is closed

10-08-2024T19:45:56 - [MESSAGE][PASSED] - Browser is closed]]></system-out>
         <system-err><![CDATA[]]></system-err>
      </testcase>
      <system-out><![CDATA[10-08-2024T19:45:08 - [TEST_SUITE][PASSED] - LogInTestSuite: Test Cases/Test Case]]></system-out>
      <system-err><![CDATA[]]></system-err>
   </testsuite>
</testsuites>
